<?xml version="1.0" encoding="UTF-8" ?>
<testsuite tests="28" failures="0" name="com.revature.project_0.Test.ServiceTest" time="8.684" errors="0" skipped="0">
  <properties>
    <property name="java.runtime.name" value="Java(TM) SE Runtime Environment"/>
    <property name="sun.boot.library.path" value="C:\Program Files\Java\jdk1.8.0_191\jre\bin"/>
    <property name="java.vm.version" value="25.191-b12"/>
    <property name="java.vm.vendor" value="Oracle Corporation"/>
    <property name="maven.multiModuleProjectDirectory" value="C:/Users/Luigino Perez/Documents/Revature/Training/Projects/Project_0/JDBCBank"/>
    <property name="java.vendor.url" value="http://java.oracle.com/"/>
    <property name="path.separator" value=";"/>
    <property name="guice.disable.misplaced.annotation.check" value="true"/>
    <property name="java.vm.name" value="Java HotSpot(TM) 64-Bit Server VM"/>
    <property name="file.encoding.pkg" value="sun.io"/>
    <property name="user.script" value=""/>
    <property name="user.country" value="US"/>
    <property name="sun.java.launcher" value="SUN_STANDARD"/>
    <property name="sun.os.patch.level" value=""/>
    <property name="java.vm.specification.name" value="Java Virtual Machine Specification"/>
    <property name="user.dir" value="C:\Users\Luigino Perez\Documents\Revature\Training\Projects\Project_0\JDBCBank"/>
    <property name="java.runtime.version" value="1.8.0_191-b12"/>
    <property name="java.awt.graphicsenv" value="sun.awt.Win32GraphicsEnvironment"/>
    <property name="java.endorsed.dirs" value="C:\Program Files\Java\jdk1.8.0_191\jre\lib\endorsed"/>
    <property name="os.arch" value="amd64"/>
    <property name="java.io.tmpdir" value="C:\Users\LUIGIN~1\AppData\Local\Temp\"/>
    <property name="line.separator" value="
"/>
    <property name="java.vm.specification.vendor" value="Oracle Corporation"/>
    <property name="user.variant" value=""/>
    <property name="os.name" value="Windows 10"/>
    <property name="classworlds.conf" value="C:/Program Files/apache-maven-3.6.0/bin/m2.conf"/>
    <property name="sun.jnu.encoding" value="Cp1252"/>
    <property name="java.library.path" value="C:\Program Files\Java\jdk1.8.0_191\bin;C:\windows\Sun\Java\bin;C:\windows\system32;C:\windows;C:\Users\Luigino Perez\bin;C:\Program Files\Git\mingw64\bin;C:\Program Files\Git\usr\local\bin;C:\Program Files\Git\usr\bin;C:\Program Files\Git\usr\bin;C:\Program Files\Git\mingw64\bin;C:\Program Files\Git\usr\bin;C:\Users\Luigino Perez\bin;C:\Program Files (x86)\Common Files\Oracle\Java\javapath;C:\windows\system32;C:\windows;C:\windows\System32\Wbem;C:\windows\System32\WindowsPowerShell\v1.0;C:\windows\System32\OpenSSH;C:\Program Files (x86)\Intel\Intel(R) Management Engine Components\DAL;C:\Program Files\Intel\Intel(R) Management Engine Components\DAL;C:\Program Files (x86)\Intel\Intel(R) Management Engine Components\IPT;C:\Program Files\Intel\Intel(R) Management Engine Components\IPT;C:\Program Files\Git\cmd;C:\Users\Luigino Perez\Documents\WebDrivers\chromedriver_win32;C:\Users\Luigino Perez\AppData\Local\Programs\Python\Python37-32\Scripts;C:\Users\Luigino Perez\AppData\Local\Programs\Python\Python37-32;C:\Users\Luigino Perez\AppData\Local\Microsoft\WindowsApps;C:\Program Files\Java\jdk1.8.0_191\bin;C:\Program Files\apache-maven-3.6.0\bin;C:\Users\Luigino Perez\Documents\WebDrivers\chromedriver_win32;C:\Program Files\Git\usr\bin\vendor_perl;C:\Program Files\Git\usr\bin\core_perl;."/>
    <property name="maven.conf" value="C:/Program Files/apache-maven-3.6.0/conf"/>
    <property name="java.specification.name" value="Java Platform API Specification"/>
    <property name="java.class.version" value="52.0"/>
    <property name="sun.management.compiler" value="HotSpot 64-Bit Tiered Compilers"/>
    <property name="os.version" value="10.0"/>
    <property name="library.jansi.path" value="C:/Program Files/apache-maven-3.6.0/lib/jansi-native"/>
    <property name="user.home" value="C:\Users\Luigino Perez"/>
    <property name="user.timezone" value="America/New_York"/>
    <property name="java.awt.printerjob" value="sun.awt.windows.WPrinterJob"/>
    <property name="java.specification.version" value="1.8"/>
    <property name="file.encoding" value="Cp1252"/>
    <property name="user.name" value="Luigino Perez"/>
    <property name="java.class.path" value="C:/Program Files/apache-maven-3.6.0/boot/plexus-classworlds-2.5.2.jar"/>
    <property name="java.vm.specification.version" value="1.8"/>
    <property name="sun.arch.data.model" value="64"/>
    <property name="java.home" value="C:\Program Files\Java\jdk1.8.0_191\jre"/>
    <property name="sun.java.command" value="org.codehaus.plexus.classworlds.launcher.Launcher test"/>
    <property name="java.specification.vendor" value="Oracle Corporation"/>
    <property name="user.language" value="en"/>
    <property name="awt.toolkit" value="sun.awt.windows.WToolkit"/>
    <property name="java.vm.info" value="mixed mode"/>
    <property name="java.version" value="1.8.0_191"/>
    <property name="java.ext.dirs" value="C:\Program Files\Java\jdk1.8.0_191\jre\lib\ext;C:\windows\Sun\Java\lib\ext"/>
    <property name="sun.boot.class.path" value="C:\Program Files\Java\jdk1.8.0_191\jre\lib\resources.jar;C:\Program Files\Java\jdk1.8.0_191\jre\lib\rt.jar;C:\Program Files\Java\jdk1.8.0_191\jre\lib\sunrsasign.jar;C:\Program Files\Java\jdk1.8.0_191\jre\lib\jsse.jar;C:\Program Files\Java\jdk1.8.0_191\jre\lib\jce.jar;C:\Program Files\Java\jdk1.8.0_191\jre\lib\charsets.jar;C:\Program Files\Java\jdk1.8.0_191\jre\lib\jfr.jar;C:\Program Files\Java\jdk1.8.0_191\jre\classes"/>
    <property name="java.vendor" value="Oracle Corporation"/>
    <property name="maven.home" value="C:\Program Files\apache-maven-3.6.0"/>
    <property name="file.separator" value="\"/>
    <property name="java.vendor.url.bug" value="http://bugreport.sun.com/bugreport/"/>
    <property name="sun.cpu.endian" value="little"/>
    <property name="sun.io.unicode.encoding" value="UnicodeLittle"/>
    <property name="sun.desktop" value="windows"/>
    <property name="sun.cpu.isalist" value="amd64"/>
  </properties>
  <testcase classname="com.revature.project_0.Test.ServiceTest" name="deleteAccountWithBalance" time="0.592"/>
  <testcase classname="com.revature.project_0.Test.ServiceTest" name="updateusernameWithTakenName" time="1.012"/>
  <testcase classname="com.revature.project_0.Test.ServiceTest" name="makeDepositOfZero" time="0"/>
  <testcase classname="com.revature.project_0.Test.ServiceTest" name="makeWithdrawalFromNonexistentAccount" time="0.051"/>
  <testcase classname="com.revature.project_0.Test.ServiceTest" name="deleteNonexistentAccount" time="0.093"/>
  <testcase classname="com.revature.project_0.Test.ServiceTest" name="adminLogInWithValidCredentials" time="0.001"/>
  <testcase classname="com.revature.project_0.Test.ServiceTest" name="retrieveExistingAccount" time="0.304"/>
  <testcase classname="com.revature.project_0.Test.ServiceTest" name="deleteUserWithActiveAccounts" time="0.779"/>
  <testcase classname="com.revature.project_0.Test.ServiceTest" name="userLogInWithInvalidUsername" time="0.509"/>
  <testcase classname="com.revature.project_0.Test.ServiceTest" name="makeDepositToAccountFromWrongOwner" time="0.309"/>
  <testcase classname="com.revature.project_0.Test.ServiceTest" name="viewUserWithInvalidUsername" time="0.042"/>
  <testcase classname="com.revature.project_0.Test.ServiceTest" name="retrieveUserAccounts" time="0.055"/>
  <testcase classname="com.revature.project_0.Test.ServiceTest" name="deleteExistingUser" time="0.596"/>
  <testcase classname="com.revature.project_0.Test.ServiceTest" name="updateUsernameWithNonexistentUser" time="0.273"/>
  <testcase classname="com.revature.project_0.Test.ServiceTest" name="userLogInWithValidCredentials" time="0.301"/>
  <testcase classname="com.revature.project_0.Test.ServiceTest" name="retrieveNonexistentTransaction" time="0.044"/>
  <testcase classname="com.revature.project_0.Test.ServiceTest" name="createUserWithTakenName" time="0.5"/>
  <testcase classname="com.revature.project_0.Test.ServiceTest" name="makeDepositToNonexistentAccount" time="0.284"/>
  <testcase classname="com.revature.project_0.Test.ServiceTest" name="adminLogInWithInvalidUsername" time="0.001"/>
  <testcase classname="com.revature.project_0.Test.ServiceTest" name="userLogInWithInvalidPassword" time="0.393"/>
  <testcase classname="com.revature.project_0.Test.ServiceTest" name="deleteAccountWithWrongOwner" time="0.123"/>
  <testcase classname="com.revature.project_0.Test.ServiceTest" name="updateUsernameWithValidNames" time="1.27"/>
  <testcase classname="com.revature.project_0.Test.ServiceTest" name="deleteNonexistentUser" time="0.216"/>
  <testcase classname="com.revature.project_0.Test.ServiceTest" name="makeWithdrawalOfZero" time="0"/>
  <testcase classname="com.revature.project_0.Test.ServiceTest" name="viewUserWithValidUsername" time="0.405"/>
  <testcase classname="com.revature.project_0.Test.ServiceTest" name="adminLogInWithInvalidPassword" time="0.001"/>
  <testcase classname="com.revature.project_0.Test.ServiceTest" name="retrieveNonexistentAccount" time="0.407"/>
  <testcase classname="com.revature.project_0.Test.ServiceTest" name="createAccountForNonexistentUser" time="0.123"/>
</testsuite>